0 silly argv {
0 silly argv   _: [ 'run' ],
0 silly argv   since: '$(_TAG)',
0 silly argv   lernaVersion: '3.22.1',
0 silly argv   '$0': 'node_modules\\lerna\\cli.js',
0 silly argv   script: 'ci:build'
0 silly argv }
1 notice cli v3.22.1
2 verbose rootPath C:\Users\Augusto Peralta\source\repos\Monorepo\yarn-workspaces
3 notice filter changed since "$(_TAG)"
4 silly hasTags
5 verbose hasTags true
6 silly git-describe.sync "v1.8.0-13-ge5236ed" => {"lastTagName":"v1.8.0","lastVersion":"v1.8.0","refCount":"13","sha":"e5236ed","isDirty":false}
7 info Looking for changed packages since $(_TAG)
8 silly checking diff packages/common
9 error Error: Command failed: git diff --name-only $(_TAG) -- packages/common
9 error fatal: bad revision '$(_TAG)'
9 error
9 error
9 error     at makeError (C:\Users\Augusto Peralta\source\repos\Monorepo\yarn-workspaces\node_modules\execa\index.js:174:9)
9 error     at Function.module.exports.sync (C:\Users\Augusto Peralta\source\repos\Monorepo\yarn-workspaces\node_modules\execa\index.js:338:15)
9 error     at Object.execSync (C:\Users\Augusto Peralta\source\repos\Monorepo\yarn-workspaces\node_modules\@lerna\child-process\index.js:26:16)
9 error     at diffSinceIn (C:\Users\Augusto Peralta\source\repos\Monorepo\yarn-workspaces\node_modules\@lerna\collect-updates\lib\make-diff-predicate.js:63:23)
9 error     at hasDiffSinceThatIsntIgnored (C:\Users\Augusto Peralta\source\repos\Monorepo\yarn-workspaces\node_modules\@lerna\collect-updates\lib\make-diff-predicate.js:27:18)
9 error     at isCandidate (C:\Users\Augusto Peralta\source\repos\Monorepo\yarn-workspaces\node_modules\@lerna\collect-updates\collect-updates.js:88:77)
9 error     at C:\Users\Augusto Peralta\source\repos\Monorepo\yarn-workspaces\node_modules\@lerna\collect-updates\lib\collect-packages.js:11:9
9 error     at Map.forEach (<anonymous>)
9 error     at collectPackages (C:\Users\Augusto Peralta\source\repos\Monorepo\yarn-workspaces\node_modules\@lerna\collect-updates\lib\collect-packages.js:10:12)
